c:\users\mit\source\repos\finalproject\finalproject\x64\debug\vc145.pdb
c:\users\mit\source\repos\finalproject\finalproject\x64\debug\vc145.idb
c:\users\mit\source\repos\finalproject\finalproject\x64\debug\validator.obj
c:\users\mit\source\repos\finalproject\finalproject\x64\debug\prescription.obj
c:\users\mit\source\repos\finalproject\finalproject\x64\debug\person.obj
c:\users\mit\source\repos\finalproject\finalproject\x64\debug\patient.obj
c:\users\mit\source\repos\finalproject\finalproject\x64\debug\menu.obj
c:\users\mit\source\repos\finalproject\finalproject\x64\debug\managing.obj
c:\users\mit\source\repos\finalproject\finalproject\x64\debug\main.obj
c:\users\mit\source\repos\finalproject\finalproject\x64\debug\filehandling.obj
c:\users\mit\source\repos\finalproject\finalproject\x64\debug\exception.obj
c:\users\mit\source\repos\finalproject\finalproject\x64\debug\doctor.obj
c:\users\mit\source\repos\finalproject\finalproject\x64\debug\bills.obj
c:\users\mit\source\repos\finalproject\finalproject\x64\debug\appointment.obj
c:\users\mit\source\repos\finalproject\finalproject\x64\debug\admin.obj
c:\users\mit\source\repos\finalproject\x64\debug\finalproject.exe
c:\users\mit\source\repos\finalproject\x64\debug\finalproject.pdb
c:\users\mit\source\repos\finalproject\finalproject\x64\debug\finalproject.ilk
c:\users\mit\source\repos\finalproject\finalproject\x64\debug\finalproject.tlog\cl.command.1.tlog
c:\users\mit\source\repos\finalproject\finalproject\x64\debug\finalproject.tlog\cl.items.tlog
c:\users\mit\source\repos\finalproject\finalproject\x64\debug\finalproject.tlog\cl.read.1.tlog
c:\users\mit\source\repos\finalproject\finalproject\x64\debug\finalproject.tlog\cl.write.1.tlog
c:\users\mit\source\repos\finalproject\finalproject\x64\debug\finalproject.tlog\link.command.1.tlog
c:\users\mit\source\repos\finalproject\finalproject\x64\debug\finalproject.tlog\link.read.1.tlog
c:\users\mit\source\repos\finalproject\finalproject\x64\debug\finalproject.tlog\link.secondary.1.tlog
c:\users\mit\source\repos\finalproject\finalproject\x64\debug\finalproject.tlog\link.write.1.tlog
